<?xml version="1.0" encoding="UTF-8"?>
<!-- Generated by org.testng.reporters.JUnitReportReporter -->
<testsuite hostname="Lenovo" failures="0" tests="4" name="com.Testng.Dependencytest" time="0.144" errors="0" timestamp="2023-01-23T13:12:34 IST" skipped="0">
  <testcase classname="com.Testng.Dependencytest" name="propertySetting" time="0.012"/>
  <system-out/>
  <testcase classname="com.Testng.Dependencytest" name="urlLaunch" time="0.008"/>
  <system-out/>
  <testcase classname="com.Testng.Dependencytest" name="login" time="0.108"/>
  <system-out/>
  <testcase classname="com.Testng.Dependencytest" name="browserLaunch" time="0.016"/>
  <system-out/>
</testsuite> <!-- com.Testng.Dependencytest -->
