<?xml version="1.0" encoding="UTF-8"?>
<!-- Generated by org.testng.reporters.JUnitReportReporter -->
<testsuite hostname="Lenovo" failures="0" tests="2" name="com.Testng.Parallel_Test" time="0.083" errors="0" timestamp="2023-01-24T19:53:19 IST" skipped="0">
  <testcase classname="com.Testng.Parallel_Test" name="facebook" time="0.042"/>
  <system-out/>
  <testcase classname="com.Testng.Parallel_Test" name="amazon" time="0.041"/>
  <system-out/>
</testsuite> <!-- com.Testng.Parallel_Test -->
