<?xml version="1.0" encoding="UTF-8"?>
<!-- Generated by org.testng.reporters.JUnitReportReporter -->
<testsuite hostname="Lenovo" failures="0" tests="3" name="com.Testng.Dataprovider" time="0.075" errors="0" timestamp="2023-01-24T00:29:25 IST" skipped="0">
  <testcase classname="com.Testng.Dataprovider" name="credentials" time="0.010"/>
  <system-out/>
  <testcase classname="com.Testng.Dataprovider" name="credentials" time="0.011"/>
  <system-out/>
  <testcase classname="com.Testng.Dataprovider" name="credentials" time="0.054"/>
  <system-out/>
</testsuite> <!-- com.Testng.Dataprovider -->
