<?xml version="1.0" encoding="UTF-8"?>
<!-- Generated by org.testng.reporters.JUnitReportReporter -->
<testsuite hostname="Lenovo" failures="0" tests="3" name="com.Testng.Grouping" time="0.050" errors="0" timestamp="2022-11-21T00:48:11 IST" skipped="0">
  <testcase classname="com.Testng.Grouping" name="cpu" time="0.028"/>
  <system-out/>
  <testcase classname="com.Testng.Grouping" name="keyboard" time="0.009"/>
  <system-out/>
  <testcase classname="com.Testng.Grouping" name="monitor" time="0.013"/>
  <system-out/>
</testsuite> <!-- com.Testng.Grouping -->
