<?xml version="1.0" encoding="UTF-8"?>
<!-- Generated by org.testng.reporters.JUnitReportReporter -->
<testsuite hostname="Lenovo" failures="0" tests="2" name="com.Testng.Parallel_Task" time="63.389" errors="0" timestamp="2023-01-25T09:54:20 IST" skipped="0">
  <testcase classname="com.Testng.Parallel_Task" name="youtube" time="34.770"/>
  <system-out/>
  <testcase classname="com.Testng.Parallel_Task" name="facebook" time="28.619"/>
  <system-out/>
</testsuite> <!-- com.Testng.Parallel_Task -->
