<?xml version="1.0" encoding="UTF-8"?>
<!-- Generated by org.testng.reporters.JUnitReportReporter -->
<testsuite hostname="Lenovo" failures="0" tests="1" name="com.Testng.Soft_Assert" time="0.044" errors="0" timestamp="2022-11-21T01:13:01 IST" skipped="0">
  <testcase classname="com.Testng.Soft_Assert" name="demo" time="0.044"/>
  <system-out/>
</testsuite> <!-- com.Testng.Soft_Assert -->
