<?xml version="1.0" encoding="UTF-8"?>
<!-- Generated by org.testng.reporters.JUnitReportReporter -->
<testsuite hostname="Lenovo" failures="0" tests="1" name="com.Testng.Hard_Assert" time="0.045" errors="0" timestamp="2022-11-21T01:02:51 IST" skipped="0">
  <testcase classname="com.Testng.Hard_Assert" name="demo" time="0.045"/>
  <system-out/>
</testsuite> <!-- com.Testng.Hard_Assert -->
