<?xml version="1.0" encoding="UTF-8"?>
<!-- Generated by org.testng.reporters.JUnitReportReporter -->
<testsuite hostname="Lenovo" failures="0" tests="1" name="com.Adactin.Pom.Adactin_Testngtask" time="10.170" errors="0" timestamp="2023-01-30T14:03:27 IST" skipped="0">
  <testcase classname="com.Adactin.Pom.Adactin_Testngtask" name="loginpage" time="10.170"/>
  <system-out/>
</testsuite> <!-- com.Adactin.Pom.Adactin_Testngtask -->
