<?xml version="1.0" encoding="UTF-8"?>
<!-- Generated by org.testng.reporters.JUnitReportReporter -->
<testsuite hostname="Lenovo" failures="0" tests="1" name="com.Testng.Parameterized_Test" time="0.036" errors="0" timestamp="2023-01-23T23:55:25 IST" skipped="0">
  <testcase classname="com.Testng.Parameterized_Test" name="credentials" time="0.036"/>
  <system-out/>
</testsuite> <!-- com.Testng.Parameterized_Test -->
