<?xml version="1.0" encoding="UTF-8"?>
<!-- Generated by org.testng.reporters.JUnitReportReporter -->
<testsuite hostname="Lenovo" failures="0" tests="5" name="com.Testng.Simple_Annotations" time="0.162" errors="0" timestamp="2022-11-17T08:33:48 IST" skipped="0">
  <testcase classname="com.Testng.Simple_Annotations" name="men" time="0.034"/>
  <system-out/>
  <testcase classname="com.Testng.Simple_Annotations" name="men" time="0.006"/>
  <system-out/>
  <testcase classname="com.Testng.Simple_Annotations" name="men" time="0.035"/>
  <system-out/>
  <testcase classname="com.Testng.Simple_Annotations" name="kids" time="0.068"/>
  <system-out/>
  <testcase classname="com.Testng.Simple_Annotations" name="women" time="0.019"/>
  <system-out/>
</testsuite> <!-- com.Testng.Simple_Annotations -->
