<?xml version="1.0" encoding="UTF-8"?>
<!-- Generated by org.testng.reporters.JUnitReportReporter -->
<testsuite hostname="Lenovo" failures="0" tests="4" name="com.Testng.Ignore_Concept" time="0.098" errors="0" timestamp="2022-11-21T02:09:34 IST" skipped="1">
  <testcase classname="com.Testng.Ignore_Concept" name="jeans" time="0.081"/>
  <system-out/>
  <testcase classname="com.Testng.Ignore_Concept" name="shirt" time="0.011"/>
  <system-out/>
  <testcase classname="com.Testng.Ignore_Concept" name="monitor" time="0.006"/>
  <system-out/>
  <testcase classname="com.Testng.Ignore_Concept" name="cpu">
    <skipped/>
  </testcase> <!-- cpu -->
  <system-out/>
</testsuite> <!-- com.Testng.Ignore_Concept -->
